<?xml version="1.0" encoding="UTF-8"?>
<!-- Generated by org.testng.reporters.JUnitXMLReporter -->
<testsuite ignored="0" hostname="DESKTOP-PR8CRQH" failures="0" tests="3" name="Command line test" time="23.406" errors="0" timestamp="03 juin 2019 13:52:19 GMT">
  <testcase classname="tuto.eclipse.jal.selenium.ng.TestBookingNG" name="verifyHomepageTitle" time="1.487"/>
  <testcase classname="tuto.eclipse.testCases.TestBookingJAL1" name="testBooking1" time="0.86"/>
  <testcase classname="tuto.eclipse.jal.selenium.ng.TestBookingNG" name="verifyWeFindFlights" time="10.757"/>
</testsuite> <!-- Command line test -->
